This is pdfTeX, Version 3.1415926-2.5-1.40.14 (TeX Live 2013) (format=pdflatex 2013.5.30)  8 AUG 2014 18:14
entering extended mode
 restricted \write18 enabled.
 %&-line parsing enabled.
**000_Global.tex
(./000_Global.tex
LaTeX2e <2011/06/27>
Babel <3.9f> and hyphenation patterns for 78 languages loaded.
(./cmspaper.cls
CMS paper style Version <0.4>, <25 Nov. 1996>
based on Document Style 'CERNART' Version <2.1>, <1 May 1995>
Document Class: cmspaper 1996/11/25
(/usr/local/texlive/2013/texmf-dist/tex/latex/base/article.cls
Document Class: article 2007/10/19 v1.4h Standard LaTeX document class
(/usr/local/texlive/2013/texmf-dist/tex/latex/base/size10.clo
File: size10.clo 2007/10/19 v1.4h Standard LaTeX file (size option)
)
\c@part=\count79
\c@section=\count80
\c@subsection=\count81
\c@subsubsection=\count82
\c@paragraph=\count83
\c@subparagraph=\count84
\c@figure=\count85
\c@table=\count86
\abovecaptionskip=\skip41
\belowcaptionskip=\skip42
\bibindent=\dimen102
)
\c@instfoot=\count87

(/usr/local/texlive/2013/texmf-dist/tex/latex/graphics/graphics.sty
Package: graphics 2009/02/05 v1.0o Standard LaTeX Graphics (DPC,SPQR)

(/usr/local/texlive/2013/texmf-dist/tex/latex/graphics/trig.sty
Package: trig 1999/03/16 v1.09 sin cos tan (DPC)
)
(/usr/local/texlive/2013/texmf-dist/tex/latex/latexconfig/graphics.cfg
File: graphics.cfg 2010/04/23 v1.9 graphics configuration of TeX Live
)
Package graphics Info: Driver file: pdftex.def on input line 91.

(/usr/local/texlive/2013/texmf-dist/tex/latex/pdftex-def/pdftex.def
File: pdftex.def 2011/05/27 v0.06d Graphics/color for pdfTeX

(/usr/local/texlive/2013/texmf-dist/tex/generic/oberdiek/infwarerr.sty
Package: infwarerr 2010/04/08 v1.3 Providing info/warning/error messages (HO)
)
(/usr/local/texlive/2013/texmf-dist/tex/generic/oberdiek/ltxcmds.sty
Package: ltxcmds 2011/11/09 v1.22 LaTeX kernel commands for general use (HO)
)
\Gread@gobject=\count88
)))
(/usr/local/texlive/2013/texmf-dist/tex/latex/graphics/graphicx.sty
Package: graphicx 1999/02/16 v1.0f Enhanced LaTeX Graphics (DPC,SPQR)

(/usr/local/texlive/2013/texmf-dist/tex/latex/graphics/keyval.sty
Package: keyval 1999/03/16 v1.13 key=value parser (DPC)
\KV@toks@=\toks14
)
\Gin@req@height=\dimen103
\Gin@req@width=\dimen104
)
(/usr/local/texlive/2013/texmf-dist/tex/latex/amsfonts/amssymb.sty
Package: amssymb 2013/01/14 v3.01 AMS font symbols

(/usr/local/texlive/2013/texmf-dist/tex/latex/amsfonts/amsfonts.sty
Package: amsfonts 2013/01/14 v3.01 Basic AMSFonts support
\@emptytoks=\toks15
\symAMSa=\mathgroup4
\symAMSb=\mathgroup5
LaTeX Font Info:    Overwriting math alphabet `\mathfrak' in version `bold'
(Font)                  U/euf/m/n --> U/euf/b/n on input line 106.
))
(/usr/local/texlive/2013/texmf-dist/tex/latex/amsmath/amsmath.sty
Package: amsmath 2013/01/14 v2.14 AMS math features
\@mathmargin=\skip43

For additional information on amsmath, use the `?' option.
(/usr/local/texlive/2013/texmf-dist/tex/latex/amsmath/amstext.sty
Package: amstext 2000/06/29 v2.01

(/usr/local/texlive/2013/texmf-dist/tex/latex/amsmath/amsgen.sty
File: amsgen.sty 1999/11/30 v2.0
\@emptytoks=\toks16
\ex@=\dimen105
))
(/usr/local/texlive/2013/texmf-dist/tex/latex/amsmath/amsbsy.sty
Package: amsbsy 1999/11/29 v1.2d
\pmbraise@=\dimen106
)
(/usr/local/texlive/2013/texmf-dist/tex/latex/amsmath/amsopn.sty
Package: amsopn 1999/12/14 v2.01 operator names
)
\inf@bad=\count89
LaTeX Info: Redefining \frac on input line 210.
\uproot@=\count90
\leftroot@=\count91
LaTeX Info: Redefining \overline on input line 306.
\classnum@=\count92
\DOTSCASE@=\count93
LaTeX Info: Redefining \ldots on input line 378.
LaTeX Info: Redefining \dots on input line 381.
LaTeX Info: Redefining \cdots on input line 466.
\Mathstrutbox@=\box26
\strutbox@=\box27
\big@size=\dimen107
LaTeX Font Info:    Redeclaring font encoding OML on input line 566.
LaTeX Font Info:    Redeclaring font encoding OMS on input line 567.
\macc@depth=\count94
\c@MaxMatrixCols=\count95
\dotsspace@=\muskip10
\c@parentequation=\count96
\dspbrk@lvl=\count97
\tag@help=\toks17
\row@=\count98
\column@=\count99
\maxfields@=\count100
\andhelp@=\toks18
\eqnshift@=\dimen108
\alignsep@=\dimen109
\tagshift@=\dimen110
\tagwidth@=\dimen111
\totwidth@=\dimen112
\lineht@=\dimen113
\@envbody=\toks19
\multlinegap=\skip44
\multlinetaggap=\skip45
\mathdisplay@stack=\toks20
LaTeX Info: Redefining \[ on input line 2665.
LaTeX Info: Redefining \] on input line 2666.
)
(./lineno.sty
Package: lineno 2002/01/27 line numbers on paragraphs v3.08b
\linenopenalty=\count101
\output=\toks21
\linenoprevgraf=\count102
\linenumbersep=\dimen114
\linenumberwidth=\dimen115
\c@linenumber=\count103
\c@pagewiselinenumber=\count104
\c@linenumbermodulo=\count105
\c@internallinenumber=\count106
\c@internallinenumbers=\count107
\quotelinenumbersep=\dimen116
\bframerule=\dimen117
\bframesep=\dimen118
\bframebox=\box28
) (/usr/local/texlive/2013/texmf-dist/tex/latex/xcolor/xcolor.sty
Package: xcolor 2007/01/21 v2.11 LaTeX color extensions (UK)

(/usr/local/texlive/2013/texmf-dist/tex/latex/latexconfig/color.cfg
File: color.cfg 2007/01/18 v1.5 color configuration of teTeX/TeXLive
)
Package xcolor Info: Driver file: pdftex.def on input line 225.

(/usr/local/texlive/2013/texmf-dist/tex/latex/colortbl/colortbl.sty
Package: colortbl 2012/02/13 v1.0a Color table columns (DPC)

(/usr/local/texlive/2013/texmf-dist/tex/latex/tools/array.sty
Package: array 2008/09/09 v2.4c Tabular extension package (FMi)
\col@sep=\dimen119
\extrarowheight=\dimen120
\NC@list=\toks22
\extratabsurround=\skip46
\backup@length=\skip47
)
\everycr=\toks23
\minrowclearance=\skip48
)
\rownum=\count108
Package xcolor Info: Model `cmy' substituted by `cmy0' on input line 1337.
Package xcolor Info: Model `hsb' substituted by `rgb' on input line 1341.
Package xcolor Info: Model `RGB' extended on input line 1353.
Package xcolor Info: Model `HTML' substituted by `rgb' on input line 1355.
Package xcolor Info: Model `Hsb' substituted by `hsb' on input line 1356.
Package xcolor Info: Model `tHsb' substituted by `hsb' on input line 1357.
Package xcolor Info: Model `HSB' substituted by `hsb' on input line 1358.
Package xcolor Info: Model `Gray' substituted by `gray' on input line 1359.
Package xcolor Info: Model `wave' substituted by `hsb' on input line 1360.
)
(/usr/local/texlive/2013/texmf-dist/tex/latex/url/url.sty
\Urlmuskip=\muskip11
Package: url 2006/04/12  ver 3.3  Verb mode for urls, etc.
)
(/usr/local/texlive/2013/texmf-dist/tex/latex/hyperref/hyperref.sty
Package: hyperref 2012/11/06 v6.83m Hypertext links for LaTeX

(/usr/local/texlive/2013/texmf-dist/tex/generic/oberdiek/hobsub-hyperref.sty
Package: hobsub-hyperref 2012/05/28 v1.13 Bundle oberdiek, subset hyperref (HO)


(/usr/local/texlive/2013/texmf-dist/tex/generic/oberdiek/hobsub-generic.sty
Package: hobsub-generic 2012/05/28 v1.13 Bundle oberdiek, subset generic (HO)
Package: hobsub 2012/05/28 v1.13 Construct package bundles (HO)
Package hobsub Info: Skipping package `infwarerr' (already loaded).
Package hobsub Info: Skipping package `ltxcmds' (already loaded).
Package: ifluatex 2010/03/01 v1.3 Provides the ifluatex switch (HO)
Package ifluatex Info: LuaTeX not detected.
Package: ifvtex 2010/03/01 v1.5 Detect VTeX and its facilities (HO)
Package ifvtex Info: VTeX not detected.
Package: intcalc 2007/09/27 v1.1 Expandable calculations with integers (HO)
Package: ifpdf 2011/01/30 v2.3 Provides the ifpdf switch (HO)
Package ifpdf Info: pdfTeX in PDF mode is detected.
Package: etexcmds 2011/02/16 v1.5 Avoid name clashes with e-TeX commands (HO)
Package etexcmds Info: Could not find \expanded.
(etexcmds)             That can mean that you are not using pdfTeX 1.50 or
(etexcmds)             that some package has redefined \expanded.
(etexcmds)             In the latter case, load this package earlier.
Package: kvsetkeys 2012/04/25 v1.16 Key value parser (HO)
Package: kvdefinekeys 2011/04/07 v1.3 Define keys (HO)
Package: pdftexcmds 2011/11/29 v0.20 Utility functions of pdfTeX for LuaTeX (HO
)
Package pdftexcmds Info: LuaTeX not detected.
Package pdftexcmds Info: \pdf@primitive is available.
Package pdftexcmds Info: \pdf@ifprimitive is available.
Package pdftexcmds Info: \pdfdraftmode found.
Package: pdfescape 2011/11/25 v1.13 Implements pdfTeX's escape features (HO)
Package: bigintcalc 2012/04/08 v1.3 Expandable calculations on big integers (HO
)
Package: bitset 2011/01/30 v1.1 Handle bit-vector datatype (HO)
Package: uniquecounter 2011/01/30 v1.2 Provide unlimited unique counter (HO)
)
Package hobsub Info: Skipping package `hobsub' (already loaded).
Package: letltxmacro 2010/09/02 v1.4 Let assignment for LaTeX macros (HO)
Package: hopatch 2012/05/28 v1.2 Wrapper for package hooks (HO)
Package: xcolor-patch 2011/01/30 xcolor patch
Package: atveryend 2011/06/30 v1.8 Hooks at the very end of document (HO)
Package atveryend Info: \enddocument detected (standard20110627).
Package: atbegshi 2011/10/05 v1.16 At begin shipout hook (HO)
Package: refcount 2011/10/16 v3.4 Data extraction from label references (HO)
Package: hycolor 2011/01/30 v1.7 Color options for hyperref/bookmark (HO)
)
(/usr/local/texlive/2013/texmf-dist/tex/generic/ifxetex/ifxetex.sty
Package: ifxetex 2010/09/12 v0.6 Provides ifxetex conditional
)
(/usr/local/texlive/2013/texmf-dist/tex/latex/oberdiek/auxhook.sty
Package: auxhook 2011/03/04 v1.3 Hooks for auxiliary files (HO)
)
(/usr/local/texlive/2013/texmf-dist/tex/latex/oberdiek/kvoptions.sty
Package: kvoptions 2011/06/30 v3.11 Key value format for package options (HO)
)
\@linkdim=\dimen121
\Hy@linkcounter=\count109
\Hy@pagecounter=\count110

(/usr/local/texlive/2013/texmf-dist/tex/latex/hyperref/pd1enc.def
File: pd1enc.def 2012/11/06 v6.83m Hyperref: PDFDocEncoding definition (HO)
)
\Hy@SavedSpaceFactor=\count111

(/usr/local/texlive/2013/texmf-dist/tex/latex/latexconfig/hyperref.cfg
File: hyperref.cfg 2002/06/06 v1.2 hyperref configuration of TeXLive
)
Package hyperref Info: Hyper figures OFF on input line 4443.
Package hyperref Info: Link nesting OFF on input line 4448.
Package hyperref Info: Hyper index ON on input line 4451.
Package hyperref Info: Plain pages OFF on input line 4458.
Package hyperref Info: Backreferencing OFF on input line 4463.
Package hyperref Info: Implicit mode ON; LaTeX internals redefined.
Package hyperref Info: Bookmarks ON on input line 4688.
\c@Hy@tempcnt=\count112
LaTeX Info: Redefining \url on input line 5041.
\XeTeXLinkMargin=\dimen122
\Fld@menulength=\count113
\Field@Width=\dimen123
\Fld@charsize=\dimen124
Package hyperref Info: Hyper figures OFF on input line 6295.
Package hyperref Info: Link nesting OFF on input line 6300.
Package hyperref Info: Hyper index ON on input line 6303.
Package hyperref Info: backreferencing OFF on input line 6310.
Package hyperref Info: Link coloring OFF on input line 6315.
Package hyperref Info: Link coloring with OCG OFF on input line 6320.
Package hyperref Info: PDF/A mode OFF on input line 6325.
LaTeX Info: Redefining \ref on input line 6365.
LaTeX Info: Redefining \pageref on input line 6369.
\Hy@abspage=\count114
\c@Item=\count115
\c@Hfootnote=\count116
)

Package hyperref Message: Driver (autodetected): hpdftex.

(/usr/local/texlive/2013/texmf-dist/tex/latex/hyperref/hpdftex.def
File: hpdftex.def 2012/11/06 v6.83m Hyperref driver for pdfTeX
\Fld@listcount=\count117
\c@bookmark@seq@number=\count118

(/usr/local/texlive/2013/texmf-dist/tex/latex/oberdiek/rerunfilecheck.sty
Package: rerunfilecheck 2011/04/15 v1.7 Rerun checks for auxiliary files (HO)
Package uniquecounter Info: New unique counter `rerunfilecheck' on input line 2
82.
)
\Hy@SectionHShift=\skip49
)
Package hyperref Info: Option `colorlinks' set `true' on input line 10.

(./000_Global.aux)
\openout1 = `000_Global.aux'.

LaTeX Font Info:    Checking defaults for OML/cmm/m/it on input line 23.
LaTeX Font Info:    ... okay on input line 23.
LaTeX Font Info:    Checking defaults for T1/cmr/m/n on input line 23.
LaTeX Font Info:    ... okay on input line 23.
LaTeX Font Info:    Checking defaults for OT1/cmr/m/n on input line 23.
LaTeX Font Info:    ... okay on input line 23.
LaTeX Font Info:    Checking defaults for OMS/cmsy/m/n on input line 23.
LaTeX Font Info:    ... okay on input line 23.
LaTeX Font Info:    Checking defaults for OMX/cmex/m/n on input line 23.
LaTeX Font Info:    ... okay on input line 23.
LaTeX Font Info:    Checking defaults for U/cmr/m/n on input line 23.
LaTeX Font Info:    ... okay on input line 23.
LaTeX Font Info:    Checking defaults for PD1/pdf/m/n on input line 23.
LaTeX Font Info:    ... okay on input line 23.
LaTeX Font Info:    Try loading font information for OT1+ptm on input line 23.

(/usr/local/texlive/2013/texmf-dist/tex/latex/psnfss/ot1ptm.fd
File: ot1ptm.fd 2001/06/04 font definitions for OT1/ptm.
)
(/usr/local/texlive/2013/texmf-dist/tex/context/base/supp-pdf.mkii
[Loading MPS to PDF converter (version 2006.09.02).]
\scratchcounter=\count119
\scratchdimen=\dimen125
\scratchbox=\box29
\nofMPsegments=\count120
\nofMParguments=\count121
\everyMPshowfont=\toks24
\MPscratchCnt=\count122
\MPscratchDim=\dimen126
\MPnumerator=\count123
\makeMPintoPDFobject=\count124
\everyMPtoPDFconversion=\toks25
) (/usr/local/texlive/2013/texmf-dist/tex/latex/oberdiek/epstopdf-base.sty
Package: epstopdf-base 2010/02/09 v2.5 Base part for package epstopdf

(/usr/local/texlive/2013/texmf-dist/tex/latex/oberdiek/grfext.sty
Package: grfext 2010/08/19 v1.1 Manage graphics extensions (HO)
)
Package grfext Info: Graphics extension search list:
(grfext)             [.png,.pdf,.jpg,.mps,.jpeg,.jbig2,.jb2,.PNG,.PDF,.JPG,.JPE
G,.JBIG2,.JB2,.eps]
(grfext)             \AppendGraphicsExtensions on input line 452.

(/usr/local/texlive/2013/texmf-dist/tex/latex/latexconfig/epstopdf-sys.cfg
File: epstopdf-sys.cfg 2010/07/13 v1.3 Configuration of (r)epstopdf for TeX Liv
e
))
\AtBeginShipoutBox=\box30
Package hyperref Info: Link coloring ON on input line 23.

(/usr/local/texlive/2013/texmf-dist/tex/latex/hyperref/nameref.sty
Package: nameref 2012/10/27 v2.43 Cross-referencing by name of section

(/usr/local/texlive/2013/texmf-dist/tex/generic/oberdiek/gettitlestring.sty
Package: gettitlestring 2010/12/03 v1.4 Cleanup title references (HO)
)
\c@section@level=\count125
)
LaTeX Info: Redefining \ref on input line 23.
LaTeX Info: Redefining \pageref on input line 23.
LaTeX Info: Redefining \nameref on input line 23.

(./000_Global.out) (./000_Global.out)
\@outlinefile=\write3
\openout3 = `000_Global.out'.

LaTeX Font Info:    Font shape `OT1/ptm/bx/n' in size <12> not available
(Font)              Font shape `OT1/ptm/b/n' tried instead on input line 28.
LaTeX Font Info:    Try loading font information for OT1+phv on input line 30.

(/usr/local/texlive/2013/texmf-dist/tex/latex/psnfss/ot1phv.fd
File: ot1phv.fd 2001/06/04 scalable font definitions for OT1/phv.
)
LaTeX Font Info:    Try loading font information for U+msa on input line 53.

(/usr/local/texlive/2013/texmf-dist/tex/latex/amsfonts/umsa.fd
File: umsa.fd 2013/01/14 v3.01 AMS symbols A
)
LaTeX Font Info:    Try loading font information for U+msb on input line 53.

(/usr/local/texlive/2013/texmf-dist/tex/latex/amsfonts/umsb.fd
File: umsb.fd 2013/01/14 v3.01 AMS symbols B
)

Package hyperref Warning: Ignoring empty anchor on input line 53.

LaTeX Font Info:    Font shape `OT1/ptm/bx/n' in size <10> not available
(Font)              Font shape `OT1/ptm/b/n' tried instead on input line 55.
[1


{/usr/local/texlive/2013/texmf-var/fonts/map/pdftex/updmap/pdftex.map}]
LaTeX Font Info:    Font shape `OT1/ptm/bx/n' in size <14.4> not available
(Font)              Font shape `OT1/ptm/b/n' tried instead on input line 62.

(./000_Global.toc)
\tf@toc=\write4
\openout4 = `000_Global.toc'.

pdfTeX warning (ext4): destination with the same identifier (name{page.1}) has 
been already used, duplicate ignored
<to be read again> 
                   \relax 
l.63 \newpage
              [1] (./00_Summary.tex [2] [3]
Missing character: There is no ‚ in font ptmr7t!
Missing character: There is no Ä in font ptmr7t!
Missing character: There is no ù in font ptmr7t!
Missing character: There is no ‚ in font ptmr7t!
Missing character: There is no Ä in font ptmr7t!
Missing character: There is no ù in font ptmr7t!
) (./01_Intro.tex [4])
(./02_Overview.tex
Package epstopdf Info: Source file: <Plots/SecDef_RZ.eps>
(epstopdf)                    date: 2013-12-06 16:31:22
(epstopdf)                    size: 63214 bytes
(epstopdf)             Output file: <Plots/SecDef_RZ-eps-converted-to.pdf>
(epstopdf)                    date: 2013-12-06 16:31:22
(epstopdf)                    size: 38018 bytes
(epstopdf)             Command: <repstopdf --outfile=Plots/SecDef_RZ-eps-conver
ted-to.pdf Plots/SecDef_RZ.eps>
(epstopdf)             \includegraphics on input line 19.
Package epstopdf Info: Output file is already uptodate.

<Plots/SecDef_RZ-eps-converted-to.pdf, id=140, 574.145pt x 146.5475pt>
File: Plots/SecDef_RZ-eps-converted-to.pdf Graphic file (type pdf)

<use Plots/SecDef_RZ-eps-converted-to.pdf>
Package pdftex.def Info: Plots/SecDef_RZ-eps-converted-to.pdf used on input lin
e 19.
(pdftex.def)             Requested size: 341.43306pt x 87.15099pt.
Package epstopdf Info: Source file: <Plots/SecDef_XY.eps>
(epstopdf)                    date: 2013-12-06 16:31:22
(epstopdf)                    size: 177236 bytes
(epstopdf)             Output file: <Plots/SecDef_XY-eps-converted-to.pdf>
(epstopdf)                    date: 2013-12-06 16:31:22
(epstopdf)                    size: 126556 bytes
(epstopdf)             Command: <repstopdf --outfile=Plots/SecDef_XY-eps-conver
ted-to.pdf Plots/SecDef_XY.eps>
(epstopdf)             \includegraphics on input line 20.
Package epstopdf Info: Output file is already uptodate.

<Plots/SecDef_XY-eps-converted-to.pdf, id=141, 574.145pt x 533.995pt>
File: Plots/SecDef_XY-eps-converted-to.pdf Graphic file (type pdf)

<use Plots/SecDef_XY-eps-converted-to.pdf>
Package pdftex.def Info: Plots/SecDef_XY-eps-converted-to.pdf used on input lin
e 20.
(pdftex.def)             Requested size: 91.04742pt x 84.67502pt.
 [5 <./Plots/SecDef_RZ-eps-converted-to.pdf> <./Plots/SecDef_XY-eps-converted-t
o.pdf>]
<Plots/CMS_L1_48_towers.png, id=159, 933.4875pt x 744.7825pt>
File: Plots/CMS_L1_48_towers.png Graphic file (type png)

<use Plots/CMS_L1_48_towers.png>
Package pdftex.def Info: Plots/CMS_L1_48_towers.png used on input line 35.
(pdftex.def)             Requested size: 182.09485pt x 145.28314pt.
Package epstopdf Info: Source file: <Plots/System_1.eps>
(epstopdf)                    date: 2013-12-06 16:31:22
(epstopdf)                    size: 3121650 bytes
(epstopdf)             Output file: <Plots/System_1-eps-converted-to.pdf>
(epstopdf)                    date: 2013-12-06 16:31:22
(epstopdf)                    size: 181075 bytes
(epstopdf)             Command: <repstopdf --outfile=Plots/System_1-eps-convert
ed-to.pdf Plots/System_1.eps>
(epstopdf)             \includegraphics on input line 36.
Package epstopdf Info: Output file is already uptodate.

<Plots/System_1-eps-converted-to.pdf, id=160, 884.30376pt x 584.1825pt>
File: Plots/System_1-eps-converted-to.pdf Graphic file (type pdf)

<use Plots/System_1-eps-converted-to.pdf>
Package pdftex.def Info: Plots/System_1-eps-converted-to.pdf used on input line
 36.
(pdftex.def)             Requested size: 318.66946pt x 210.51947pt.
 [6 <./Plots/CMS_L1_48_towers.png (PNG copy)> <./Plots/System_1-eps-converted-t
o.pdf>] [7]) (./03_Demonstrator.tex
Package epstopdf Info: Source file: <Plots/VSTBench.eps>
(epstopdf)                    date: 2013-12-06 16:31:22
(epstopdf)                    size: 2144846 bytes
(epstopdf)             Output file: <Plots/VSTBench-eps-converted-to.pdf>
(epstopdf)                    date: 2013-12-06 16:31:22
(epstopdf)                    size: 136493 bytes
(epstopdf)             Command: <repstopdf --outfile=Plots/VSTBench-eps-convert
ed-to.pdf Plots/VSTBench.eps>
(epstopdf)             \includegraphics on input line 17.
Package epstopdf Info: Output file is already uptodate.

<Plots/VSTBench-eps-converted-to.pdf, id=183, 716.6775pt x 494.84875pt>
File: Plots/VSTBench-eps-converted-to.pdf Graphic file (type pdf)

<use Plots/VSTBench-eps-converted-to.pdf>
Package pdftex.def Info: Plots/VSTBench-eps-converted-to.pdf used on input line
 17.
(pdftex.def)             Requested size: 364.19664pt x 251.47098pt.
) (./04_Others.tex [8 <./Plots/VSTBench-eps-converted-to.pdf>]
<Plots/Pulsar2b-photo-compressed.jpg, id=199, 2216.28pt x 1479.126pt>
File: Plots/Pulsar2b-photo-compressed.jpg Graphic file (type jpg)

<use Plots/Pulsar2b-photo-compressed.jpg>
Package pdftex.def Info: Plots/Pulsar2b-photo-compressed.jpg used on input line
 15.
(pdftex.def)             Requested size: 364.19664pt x 243.0522pt.

<Plots/PuslarIIb-crate.png, id=200, 531.4254pt x 669.702pt>
File: Plots/PuslarIIb-crate.png Graphic file (type png)

<use Plots/PuslarIIb-crate.png>
Package pdftex.def Info: Plots/PuslarIIb-crate.png used on input line 16.
(pdftex.def)             Requested size: 91.04742pt x 114.73686pt.
 [9 <./Plots/Pulsar2b-photo-compressed.jpg> <./Plots/PuslarIIb-crate.png>]
<Plots/RTM_v20.jpg, id=213, 6050.605pt x 2654.91875pt>
File: Plots/RTM_v20.jpg Graphic file (type jpg)
 <use Plots/RTM_v20.jpg>
Package pdftex.def Info: Plots/RTM_v20.jpg used on input line 42.
(pdftex.def)             Requested size: 364.19664pt x 159.77438pt.

<Plots/FNAL-mini-backplane.png, id=214, 520.344pt x 172.0026pt>
File: Plots/FNAL-mini-backplane.png Graphic file (type png)

<use Plots/FNAL-mini-backplane.png>
Package pdftex.def Info: Plots/FNAL-mini-backplane.png used on input line 43.
(pdftex.def)             Requested size: 182.09485pt x 60.19392pt.

<Plots/FNAL-IPMC.png, id=215, 350.2686pt x 123.8226pt>
File: Plots/FNAL-IPMC.png Graphic file (type png)

<use Plots/FNAL-IPMC.png>
Package pdftex.def Info: Plots/FNAL-IPMC.png used on input line 44.
(pdftex.def)             Requested size: 182.09485pt x 64.37111pt.
Missing character: There is no ‚ in font ptmr7t!
Missing character: There is no Ä in font ptmr7t!
Missing character: There is no ù in font ptmr7t!
Missing character: There is no œ in font ptmr7t!
Missing character: There is no á in font ptmr7t!
 [10 <./Plots/RTM_v20.jpg> <./Plots/FNAL-mini-backplane.png> <./Plots/FNAL-IPMC
.png>]
<Plots/mezzanine-concept.png, id=226, 242.8272pt x 151.2852pt>
File: Plots/mezzanine-concept.png Graphic file (type png)

<use Plots/mezzanine-concept.png>
Package pdftex.def Info: Plots/mezzanine-concept.png used on input line 65.
(pdftex.def)             Requested size: 273.14922pt x 170.18387pt.

<Plots/ProtoVIPRAM-photo.png, id=227, 166.221pt x 110.814pt>
File: Plots/ProtoVIPRAM-photo.png Graphic file (type png)

<use Plots/ProtoVIPRAM-photo.png>
Package pdftex.def Info: Plots/ProtoVIPRAM-photo.png used on input line 84.
(pdftex.def)             Requested size: 136.5746pt x 91.05066pt.

<Plots/ProtoVIPRAM-mezzanine.png, id=228, 609.477pt x 233.673pt>
File: Plots/ProtoVIPRAM-mezzanine.png Graphic file (type png)

<use Plots/ProtoVIPRAM-mezzanine.png>
Package pdftex.def Info: Plots/ProtoVIPRAM-mezzanine.png used on input line 85.

(pdftex.def)             Requested size: 273.14922pt x 104.724pt.
 [11 <./Plots/mezzanine-concept.png>]
Missing character: There is no ‚ in font ptmr7t!
Missing character: There is no Ä in font ptmr7t!
Missing character: There is no ô in font ptmr7t!

<Plots/VIPRAM-3D.png, id=238, 156.1032pt x 197.538pt>
File: Plots/VIPRAM-3D.png Graphic file (type png)

<use Plots/VIPRAM-3D.png>
Package pdftex.def Info: Plots/VIPRAM-3D.png used on input line 111.
(pdftex.def)             Requested size: 91.04742pt x 115.21413pt.

<Plots/protoVIPRAM-2D.png, id=239, 808.9422pt x 168.1482pt>
File: Plots/protoVIPRAM-2D.png Graphic file (type png)

<use Plots/protoVIPRAM-2D.png>
Package pdftex.def Info: Plots/protoVIPRAM-2D.png used on input line 112.
(pdftex.def)             Requested size: 136.5746pt x 28.38724pt.

<Plots/protoVIPRAM-L1CMS-pattern.png, id=240, 359.4228pt x 357.9774pt>
File: Plots/protoVIPRAM-L1CMS-pattern.png Graphic file (type png)

<use Plots/protoVIPRAM-L1CMS-pattern.png>
Package pdftex.def Info: Plots/protoVIPRAM-L1CMS-pattern.png used on input line
 113.
(pdftex.def)             Requested size: 91.04742pt x 90.67944pt.

<Plots/VIPRAM-MPW.png, id=246, 174.6525pt x 192.72pt>
File: Plots/VIPRAM-MPW.png Graphic file (type png)

<use Plots/VIPRAM-MPW.png>
Package pdftex.def Info: Plots/VIPRAM-MPW.png used on input line 127.
(pdftex.def)             Requested size: 159.3382pt x 175.83125pt.
 [12 <./Plots/ProtoVIPRAM-photo.png> <./Plots/ProtoVIPRAM-mezzanine.png>] [13 <
./Plots/VIPRAM-3D.png> <./Plots/protoVIPRAM-2D.png> <./Plots/protoVIPRAM-L1CMS-
pattern.png> <./Plots/VIPRAM-MPW.png>]
<Plots/crate_and_scope.png, id=268, 718.18312pt x 307.90031pt>
File: Plots/crate_and_scope.png Graphic file (type png)

<use Plots/crate_and_scope.png>
Package pdftex.def Info: Plots/crate_and_scope.png used on input line 155.
(pdftex.def)             Requested size: 364.19664pt x 156.14381pt.
 [14 <./Plots/crate_and_scope.png (PNG copy)>])
(./05_Schedule.tex [15]
LaTeX Font Info:    Try loading font information for OMS+ptm on input line 19.

(/usr/local/texlive/2013/texmf-dist/tex/latex/psnfss/omsptm.fd
File: omsptm.fd 
)
LaTeX Font Info:    Font shape `OMS/ptm/m/n' in size <10> not available
(Font)              Font shape `OMS/cmsy/m/n' tried instead on input line 19.
 [16])
(./06_Budget.tex) [17]
LaTeX Font Info:    Try loading font information for OT1+pcr on input line 103.


(/usr/local/texlive/2013/texmf-dist/tex/latex/psnfss/ot1pcr.fd
File: ot1pcr.fd 2001/06/04 font definitions for OT1/pcr.
)
Underfull \hbox (badness 10000) in paragraph at lines 161--162
[][][]$\OT1/pcr/m/n/10 http : / / lss . fnal . gov / archive / test-[]tm / 2000
 / fermilab-[]tm-[]2493-[]cms-[]e-[]ppd-[]td .
 []

[18]
Package atveryend Info: Empty hook `BeforeClearDocument' on input line 205.
Package atveryend Info: Empty hook `AfterLastShipout' on input line 205.
 (./000_Global.aux)
Package atveryend Info: Executing hook `AtVeryEndDocument' on input line 205.
Package atveryend Info: Executing hook `AtEndAfterFileList' on input line 205.
Package rerunfilecheck Info: File `000_Global.out' has not changed.
(rerunfilecheck)             Checksum: 1843D9979F8E866C50267BDAF4AE4A42;1260.
Package atveryend Info: Empty hook `AtVeryVeryEnd' on input line 205.
 ) 
Here is how much of TeX's memory you used:
 7051 strings out of 493315
 100984 string characters out of 6137904
 194587 words of memory out of 5000000
 10282 multiletter control sequences out of 15000+600000
 22476 words of font info for 54 fonts, out of 8000000 for 9000
 957 hyphenation exceptions out of 8191
 41i,6n,35p,2609b,354s stack positions out of 5000i,500n,10000p,200000b,80000s
{/usr/local/texlive/2013/texmf-dist/fonts/enc/dvips/base/8r.enc}</usr/local/t
exlive/2013/texmf-dist/fonts/type1/public/amsfonts/cm/cmmi10.pfb></usr/local/te
xlive/2013/texmf-dist/fonts/type1/public/amsfonts/cm/cmmi7.pfb></usr/local/texl
ive/2013/texmf-dist/fonts/type1/public/amsfonts/cm/cmr10.pfb></usr/local/texliv
e/2013/texmf-dist/fonts/type1/public/amsfonts/cm/cmr6.pfb></usr/local/texlive/2
013/texmf-dist/fonts/type1/public/amsfonts/cm/cmsy10.pfb></usr/local/texlive/20
13/texmf-dist/fonts/type1/public/amsfonts/cm/cmsy6.pfb></usr/local/texlive/2013
/texmf-dist/fonts/type1/urw/courier/ucrr8a.pfb></usr/local/texlive/2013/texmf-d
ist/fonts/type1/urw/helvetic/uhvr8a.pfb></usr/local/texlive/2013/texmf-dist/fon
ts/type1/urw/times/utmb8a.pfb></usr/local/texlive/2013/texmf-dist/fonts/type1/u
rw/times/utmr8a.pfb></usr/local/texlive/2013/texmf-dist/fonts/type1/urw/times/u
tmri8a.pfb>
Output written on 000_Global.pdf (19 pages, 12174592 bytes).
PDF statistics:
 382 PDF objects out of 1000 (max. 8388607)
 312 compressed objects within 4 object streams
 84 named destinations out of 1000 (max. 500000)
 227 words of extra memory for PDF output out of 10000 (max. 10000000)

